<?xml version="1.0" encoding="UTF-8"?>
<robot generator="Robot 6.1.1 (Python 3.11.4 on win32)" generated="20240113 10:41:46.338" rpa="false" schemaversion="4">
<suite id="s1" name="Yodapp-Robot" source="C:\QAx\projects\yodapp-robot">
<suite id="s1-s1" name="Tests" source="C:\QAx\projects\yodapp-robot\tests">
<suite id="s1-s1-s1" name="Swipe" source="C:\QAx\projects\yodapp-robot\tests\swipe.robot">
<test id="s1-s1-s1-t1" name="Deve poder remover o darth Vader" line="6">
<kw name="Start session" library="base">
<kw name="Open Application" library="AppiumLibrary">
<arg>http://127.0.0.1:4723/wd/hub</arg>
<arg>platformName=Android</arg>
<arg>deviceName=Android Emulator</arg>
<arg>app=${EXECDIR}/app/yodapp-beta.apk</arg>
<arg>udid=RQ8R506Q4ZR</arg>
<arg>autoGrantPermissions=true</arg>
<arg>automationName=UIAutomator2</arg>
<doc>Opens a new application to given Appium server.
Capabilities of appium server, Android and iOS,
Please check https://github.com/appium/appium/blob/master/docs/en/writing-running-appium/server-args.md
| *Option*            | *Man.* | *Description*     |
| remote_url          | Yes    | Appium server url |
| alias               | no     | alias             |
| strict_ssl          | No     | allows you to send commands to an invalid certificate host like a self-signed one. |</doc>
<status status="PASS" starttime="20240113 10:41:46.571" endtime="20240113 10:41:52.157"/>
</kw>
<status status="PASS" starttime="20240113 10:41:46.571" endtime="20240113 10:41:52.157"/>
</kw>
<kw name="Get started" library="base">
<kw name="Wait Until Page Contains" library="AppiumLibrary">
<arg>${START}</arg>
<arg>5</arg>
<doc>Waits until `text` appears on current page.</doc>
<status status="PASS" starttime="20240113 10:41:52.158" endtime="20240113 10:41:56.819"/>
</kw>
<kw name="Click Text" library="AppiumLibrary">
<arg>${START}</arg>
<doc>Click text identified by ``text``.</doc>
<msg timestamp="20240113 10:41:57.094" level="INFO">xpath criteria: //*[contains(@text,"QAX")]</msg>
<status status="PASS" starttime="20240113 10:41:56.819" endtime="20240113 10:41:57.094"/>
</kw>
<status status="PASS" starttime="20240113 10:41:52.158" endtime="20240113 10:41:57.094"/>
</kw>
<kw name="Navigate to" library="base">
<arg>item_text=Star Wars</arg>
<kw name="Set Variable" library="BuiltIn">
<var>${menu}</var>
<arg>//android.widget.ImageButton[@content-desc="Open navigation drawer"]</arg>
<doc>Returns the given values which can then be assigned to a variables.</doc>
<msg timestamp="20240113 10:41:57.095" level="INFO">${menu} = //android.widget.ImageButton[@content-desc="Open navigation drawer"]</msg>
<status status="PASS" starttime="20240113 10:41:57.095" endtime="20240113 10:41:57.095"/>
</kw>
<kw name="Wait Until Element Is Visible" library="AppiumLibrary">
<arg>${menu}</arg>
<arg>5</arg>
<doc>Waits until element specified with `locator` is visible.</doc>
<msg timestamp="20240113 10:41:58.173" level="INFO">xpath criteria: //android.widget.ImageButton[@content-desc="Open navigation drawer"]
xpath criteria: //android.widget.ImageButton[@content-desc="Open navigation drawer"]</msg>
<status status="PASS" starttime="20240113 10:41:57.096" endtime="20240113 10:41:58.173"/>
</kw>
<kw name="Click Element" library="AppiumLibrary">
<arg>${menu}</arg>
<doc>Click element identified by `locator`.</doc>
<msg timestamp="20240113 10:41:58.174" level="INFO">Clicking element '//android.widget.ImageButton[@content-desc="Open navigation drawer"]'.</msg>
<msg timestamp="20240113 10:41:58.246" level="INFO">xpath criteria: //android.widget.ImageButton[@content-desc="Open navigation drawer"]</msg>
<status status="PASS" starttime="20240113 10:41:58.174" endtime="20240113 10:41:58.246"/>
</kw>
<kw name="Set Variable" library="BuiltIn">
<var>${menu_item}</var>
<arg>//*[@resource-id="com.qaxperience.yodapp:id/navView"]//*[@text="${item_text}"]</arg>
<doc>Returns the given values which can then be assigned to a variables.</doc>
<msg timestamp="20240113 10:41:58.247" level="INFO">${menu_item} = //*[@resource-id="com.qaxperience.yodapp:id/navView"]//*[@text="Star Wars"]</msg>
<status status="PASS" starttime="20240113 10:41:58.247" endtime="20240113 10:41:58.247"/>
</kw>
<kw name="Wait Until Element Is Visible" library="AppiumLibrary">
<arg>${menu_item}</arg>
<arg>5</arg>
<doc>Waits until element specified with `locator` is visible.</doc>
<msg timestamp="20240113 10:41:59.157" level="INFO">xpath criteria: //*[@resource-id="com.qaxperience.yodapp:id/navView"]//*[@text="Star Wars"]</msg>
<status status="PASS" starttime="20240113 10:41:58.247" endtime="20240113 10:41:59.157"/>
</kw>
<kw name="Click Element" library="AppiumLibrary">
<arg>${menu_item}</arg>
<doc>Click element identified by `locator`.</doc>
<msg timestamp="20240113 10:41:59.159" level="INFO">Clicking element '//*[@resource-id="com.qaxperience.yodapp:id/navView"]//*[@text="Star Wars"]'.</msg>
<msg timestamp="20240113 10:41:59.388" level="INFO">xpath criteria: //*[@resource-id="com.qaxperience.yodapp:id/navView"]//*[@text="Star Wars"]</msg>
<status status="PASS" starttime="20240113 10:41:59.158" endtime="20240113 10:41:59.389"/>
</kw>
<status status="PASS" starttime="20240113 10:41:57.095" endtime="20240113 10:41:59.389"/>
</kw>
<kw name="Wait Until Page Contains" library="AppiumLibrary">
<arg>Lista</arg>
<doc>Waits until `text` appears on current page.</doc>
<status status="PASS" starttime="20240113 10:41:59.389" endtime="20240113 10:41:59.694"/>
</kw>
<kw name="Go to item" library="base">
<arg>Lista</arg>
<arg>Darth Vader</arg>
<kw name="Wait Until Page Contains" library="AppiumLibrary">
<arg>${item}</arg>
<arg>5</arg>
<doc>Waits until `text` appears on current page.</doc>
<status status="PASS" starttime="20240113 10:41:59.695" endtime="20240113 10:42:00.383"/>
</kw>
<kw name="Click Text" library="AppiumLibrary">
<arg>${item}</arg>
<doc>Click text identified by ``text``.</doc>
<msg timestamp="20240113 10:42:00.495" level="INFO">xpath criteria: //*[contains(@text,"Lista")]</msg>
<status status="PASS" starttime="20240113 10:42:00.383" endtime="20240113 10:42:00.495"/>
</kw>
<kw name="Wait Until Page Contains" library="AppiumLibrary">
<arg>${checkpoint}</arg>
<doc>Waits until `text` appears on current page.</doc>
<status status="PASS" starttime="20240113 10:42:00.495" endtime="20240113 10:42:01.339"/>
</kw>
<status status="PASS" starttime="20240113 10:41:59.695" endtime="20240113 10:42:01.339"/>
</kw>
<kw name="Swipe" library="AppiumLibrary">
<arg>991</arg>
<arg>753</arg>
<arg>268</arg>
<arg>759</arg>
<doc>Swipe from one point to another point, for an optional duration.</doc>
<status status="PASS" starttime="20240113 10:42:01.339" endtime="20240113 10:42:02.643"/>
</kw>
<status status="PASS" starttime="20240113 10:41:46.570" endtime="20240113 10:42:02.643"/>
</test>
<status status="PASS" starttime="20240113 10:41:46.425" endtime="20240113 10:42:02.644"/>
</suite>
<status status="PASS" starttime="20240113 10:41:46.423" endtime="20240113 10:42:02.645"/>
</suite>
<status status="PASS" starttime="20240113 10:41:46.405" endtime="20240113 10:42:02.645"/>
</suite>
<statistics>
<total>
<stat pass="1" fail="0" skip="0">All Tests</stat>
</total>
<tag>
</tag>
<suite>
<stat pass="1" fail="0" skip="0" id="s1" name="Yodapp-Robot">Yodapp-Robot</stat>
<stat pass="1" fail="0" skip="0" id="s1-s1" name="Tests">Yodapp-Robot.Tests</stat>
<stat pass="1" fail="0" skip="0" id="s1-s1-s1" name="Swipe">Yodapp-Robot.Tests.Swipe</stat>
</suite>
</statistics>
<errors>
</errors>
</robot>
